<?xml version="1.0" encoding="UTF-8"?>
<!-- Generated by org.testng.reporters.JUnitXMLReporter -->
<testsuite ignored="0" hostname="DESKTOP-OGE7II3" failures="0" tests="6" name="Test" time="36.851" errors="0" timestamp="2024-04-10T13:22:10 IST">
  <testcase classname="com.Test.Demo.Practice" name="testscript3_Test" time="0.007"/>
  <testcase classname="com.Test.Demo.Practice" name="testscript4_Test" time="0.001"/>
  <testcase classname="com.Test.Demo.Sample" name="testscript5_Test" time="0.001"/>
  <testcase classname="com.Test.Demo.Sample" name="testscript6_Test" time="0.001"/>
  <testcase classname="com.Test.Demo.Demo1" name="testscript1_Test" time="0.0"/>
  <testcase classname="com.Test.Demo.Demo1" name="testscript2_Test" time="0.001"/>
</testsuite> <!-- Test -->
