<?xml version="1.0" encoding="UTF-8"?>
<!-- Generated by org.testng.reporters.JUnitXMLReporter -->
<testsuite ignored="0" hostname="DESKTOP-OGE7II3" failures="0" tests="4" name="TestRunner-2" time="42.648" errors="0" timestamp="2024-04-10T17:27:31 IST">
  <testcase classname="com.Test.Demo.Practice" name="testscript3_Test" time="0.008"/>
  <testcase classname="com.Test.Demo.Practice" name="testscript4_Test" time="0.002"/>
  <testcase classname="com.Test.Demo.Demo1" name="testscript1_Test" time="0.003"/>
  <testcase classname="com.Test.Demo.Demo1" name="testscript2_Test" time="0.008"/>
</testsuite> <!-- TestRunner-2 -->
