<?xml version="1.0" encoding="UTF-8"?>
<testng-results ignored="0" total="2" passed="1" failed="1" skipped="0">
  <reporter-output>
    <line>
      <![CDATA[Browser launched ]]>
    </line>
    <line>
      <![CDATA[Execution starts from here ]]>
    </line>
    <line>
      <![CDATA[Executed successfully ]]>
    </line>
    <line>
      <![CDATA[Execution starts from here ]]>
    </line>
    <line>
      <![CDATA[Execution failed ]]>
    </line>
    <line>
      <![CDATA[Execution failed ]]>
    </line>
  </reporter-output>
  <suite started-at="2024-04-15T18:08:56 IST" name="Default suite" finished-at="2024-04-15T18:09:13 IST" duration-ms="17016">
    <groups>
    </groups>
    <test started-at="2024-04-15T18:08:56 IST" name="Default test" finished-at="2024-04-15T18:09:13 IST" duration-ms="17016">
      <class name="com.Test.Demo.Sample">
        <test-method is-config="true" signature="launchTheBrowser()[pri:0, instance:com.Test.Demo.Sample@74f0ea28]" started-at="2024-04-15T18:08:56 IST" name="launchTheBrowser" finished-at="2024-04-15T18:09:04 IST" duration-ms="7174" status="PASS">
          <reporter-output>
            <line>
              <![CDATA[Browser launched ]]>
            </line>
          </reporter-output>
        </test-method> <!-- launchTheBrowser -->
        <test-method is-config="true" signature="loginToApplication()[pri:0, instance:com.Test.Demo.Sample@74f0ea28]" started-at="2024-04-15T18:09:04 IST" name="loginToApplication" finished-at="2024-04-15T18:09:09 IST" duration-ms="4982" status="PASS">
          <reporter-output>
          </reporter-output>
        </test-method> <!-- loginToApplication -->
        <test-method signature="testscript5_Test()[pri:0, instance:com.Test.Demo.Sample@74f0ea28]" started-at="2024-04-15T18:09:09 IST" name="testscript5_Test" finished-at="2024-04-15T18:09:09 IST" duration-ms="17" status="PASS">
          <reporter-output>
            <line>
              <![CDATA[Execution starts from here ]]>
            </line>
            <line>
              <![CDATA[Executed successfully ]]>
            </line>
          </reporter-output>
        </test-method> <!-- testscript5_Test -->
        <test-method is-config="true" signature="loginToApplication()[pri:0, instance:com.Test.Demo.Sample@74f0ea28]" started-at="2024-04-15T18:09:09 IST" name="loginToApplication" finished-at="2024-04-15T18:09:11 IST" duration-ms="2804" status="PASS">
          <reporter-output>
          </reporter-output>
        </test-method> <!-- loginToApplication -->
        <test-method signature="testscript6_Test()[pri:0, instance:com.Test.Demo.Sample@74f0ea28]" started-at="2024-04-15T18:09:11 IST" name="testscript6_Test" finished-at="2024-04-15T18:09:11 IST" duration-ms="4" status="FAIL">
          <exception class="java.lang.AssertionError">
            <message>
              <![CDATA[null]]>
            </message>
            <full-stacktrace>
              <![CDATA[java.lang.AssertionError: null
at org.testng.Assert.fail(Assert.java:99)
at org.testng.Assert.fail(Assert.java:106)
at com.Test.Demo.Sample.testscript6_Test(Sample.java:22)
at java.base/jdk.internal.reflect.NativeMethodAccessorImpl.invoke0(Native Method)
at java.base/jdk.internal.reflect.NativeMethodAccessorImpl.invoke(NativeMethodAccessorImpl.java:77)
at java.base/jdk.internal.reflect.DelegatingMethodAccessorImpl.invoke(DelegatingMethodAccessorImpl.java:43)
at java.base/java.lang.reflect.Method.invoke(Method.java:568)
at org.testng.internal.MethodInvocationHelper.invokeMethod(MethodInvocationHelper.java:133)
at org.testng.internal.TestInvoker.invokeMethod(TestInvoker.java:598)
at org.testng.internal.TestInvoker.invokeTestMethod(TestInvoker.java:173)
at org.testng.internal.MethodRunner.runInSequence(MethodRunner.java:46)
at org.testng.internal.TestInvoker$MethodInvocationAgent.invoke(TestInvoker.java:824)
at org.testng.internal.TestInvoker.invokeTestMethods(TestInvoker.java:146)
at org.testng.internal.TestMethodWorker.invokeTestMethods(TestMethodWorker.java:146)
at org.testng.internal.TestMethodWorker.run(TestMethodWorker.java:128)
at java.base/java.util.ArrayList.forEach(ArrayList.java:1511)
at org.testng.TestRunner.privateRun(TestRunner.java:794)
at org.testng.TestRunner.run(TestRunner.java:596)
at org.testng.SuiteRunner.runTest(SuiteRunner.java:377)
at org.testng.SuiteRunner.runSequentially(SuiteRunner.java:371)
at org.testng.SuiteRunner.privateRun(SuiteRunner.java:332)
at org.testng.SuiteRunner.run(SuiteRunner.java:276)
at org.testng.SuiteRunnerWorker.runSuite(SuiteRunnerWorker.java:53)
at org.testng.SuiteRunnerWorker.run(SuiteRunnerWorker.java:96)
at org.testng.TestNG.runSuitesSequentially(TestNG.java:1212)
at org.testng.TestNG.runSuitesLocally(TestNG.java:1134)
at org.testng.TestNG.runSuites(TestNG.java:1063)
at org.testng.TestNG.run(TestNG.java:1031)
at org.testng.remote.AbstractRemoteTestNG.run(AbstractRemoteTestNG.java:115)
at org.testng.remote.RemoteTestNG.initAndRun(RemoteTestNG.java:251)
at org.testng.remote.RemoteTestNG.main(RemoteTestNG.java:77)
]]>
            </full-stacktrace>
          </exception> <!-- java.lang.AssertionError -->
          <reporter-output>
            <line>
              <![CDATA[Execution starts from here ]]>
            </line>
            <line>
              <![CDATA[Execution failed ]]>
            </line>
            <line>
              <![CDATA[Execution failed ]]>
            </line>
          </reporter-output>
        </test-method> <!-- testscript6_Test -->
        <test-method is-config="true" signature="closeTheBrowser()[pri:0, instance:com.Test.Demo.Sample@74f0ea28]" started-at="2024-04-15T18:09:12 IST" name="closeTheBrowser" finished-at="2024-04-15T18:09:13 IST" duration-ms="1058" status="PASS">
          <reporter-output>
          </reporter-output>
        </test-method> <!-- closeTheBrowser -->
      </class> <!-- com.Test.Demo.Sample -->
    </test> <!-- Default test -->
  </suite> <!-- Default suite -->
</testng-results>
